[debug] [2017-09-28T08:03:04.213Z] ----------------------------------------------------------------------
[debug] [2017-09-28T08:03:04.216Z] Command:       /usr/bin/node /usr/bin/firebase init
[debug] [2017-09-28T08:03:04.216Z] CLI Version:   3.12.0
[debug] [2017-09-28T08:03:04.216Z] Platform:      linux
[debug] [2017-09-28T08:03:04.216Z] Node Version:  v8.6.0
[debug] [2017-09-28T08:03:04.216Z] Time:          Thu Sep 28 2017 15:03:04 GMT+0700 (ICT)
[debug] [2017-09-28T08:03:04.216Z] ----------------------------------------------------------------------
[debug] 
[debug] [2017-09-28T08:03:04.226Z] > command requires scopes: ["email","openid","https://www.googleapis.com/auth/cloudplatformprojects.readonly","https://www.googleapis.com/auth/firebase"]
[debug] [2017-09-28T08:03:04.226Z] > authorizing via signed-in user
[info] 
     ######## #### ########  ######## ########     ###     ######  ########
     ##        ##  ##     ## ##       ##     ##  ##   ##  ##       ##
     ######    ##  ########  ######   ########  #########  ######  ######
     ##        ##  ##    ##  ##       ##     ## ##     ##       ## ##
     ##       #### ##     ## ######## ########  ##     ##  ######  ########

You're about to initialize a Firebase project in this directory:

  /home/nuttertools/Desktop/Research/myResume

[warn] ⚠  You have have not selected any features. Continuing will simply associate this folder with a Firebase project. Press Ctrl + C if you want to start over.
[info] 
=== Project Setup
[info] 
[info] First, let's associate this project directory with a Firebase project.
[info] You can create multiple project aliases by running firebase use --add, 
[info] but for now we'll just set up a default project.
[info] 
[debug] [2017-09-28T08:03:06.683Z] > refreshing access token with scopes: ["email","https://www.googleapis.com/auth/cloudplatformprojects.readonly","https://www.googleapis.com/auth/firebase","openid"]
[debug] [2017-09-28T08:03:06.683Z] >>> HTTP REQUEST POST https://www.googleapis.com/oauth2/v3/token { refresh_token: '1/7Dvpo8-2ViSFXElVDQ1aDjy-hkN98roS5Ntu-7y3AFFKGyL-pO9Ttli4RHKi5mTH',
  client_id: '563584335869-fgrhgmd47bqnekij5i8b5pr03ho849e6.apps.googleusercontent.com',
  client_secret: 'j9iVZfS8kkCEFUPaAeJV0sAi',
  grant_type: 'refresh_token',
  scope: 'email https://www.googleapis.com/auth/cloudplatformprojects.readonly https://www.googleapis.com/auth/firebase openid' } 
 Thu Sep 28 2017 15:03:06 GMT+0700 (ICT)
